<?xml version="1.0" encoding="UTF-8"?>
<!-- Generated by org.testng.reporters.JUnitXMLReporter -->
<testsuite ignored="0" hostname="PAVAN09FA" failures="0" tests="5" name="chrometest" time="72.213" errors="0" timestamp="2023-12-05T12:04:50 IST">
  <testcase classname="testCases.TC_001_AccountRegistrationTest" name="verify_account_registration" time="4.349"/>
  <testcase classname="testCases.TC_002_LoginTest" name="verify_login" time="1.842"/>
  <testcase classname="testCases.TC_004_SearchProductTest" name="verify_pruductSearch" time="1.722"/>
  <testcase classname="testCases.TC_005_AddToCartPageTest" name="verify_addToCart" time="3.86"/>
  <testcase classname="testCases.TC_006_EndToEndTest" name="endToendTest" time="44.917"/>
</testsuite> <!-- chrometest -->
