<?xml version="1.0" encoding="UTF-8"?>
<!-- Generated by org.testng.reporters.JUnitXMLReporter -->
<testsuite ignored="0" hostname="PAVAN09FA" failures="0" tests="5" name="edgetest" time="75.27" errors="0" timestamp="2023-12-05T12:04:53 IST">
  <testcase classname="testCases.TC_001_AccountRegistrationTest" name="verify_account_registration" time="5.606"/>
  <testcase classname="testCases.TC_002_LoginTest" name="verify_login" time="1.511"/>
  <testcase classname="testCases.TC_004_SearchProductTest" name="verify_pruductSearch" time="1.713"/>
  <testcase classname="testCases.TC_005_AddToCartPageTest" name="verify_addToCart" time="1.598"/>
  <testcase classname="testCases.TC_006_EndToEndTest" name="endToendTest" time="39.119"/>
</testsuite> <!-- edgetest -->
